2026-03-07
- Features:
  - **Status Icons**: Implemented visual feedback system in `viewer_display.py`. Icons are now displayed for states: Play, Pause, Sync, Download, Offline, No-WiFi, Video-Playback, and Empty Cache.
  - **Stealth Console**: Updated `set_tty_color.sh` to set the TTY background to black, effectively hiding the login prompt and text on the HDMI output.
  - **Auto-Sync**: `model.py` now automatically triggers `sync_photos.sh` in the background if the image cache is empty on startup.
  - **Night Mode WiFi**: `pir_manager.py` now disables the WiFi interface (`rfkill`) during night mode to save power and sets a status flag.
- Stability:
  - **Startup Fix**: Resolved a "Black Screen" loop in `model.py` when starting with an empty cache. The system now distinguishes between "cache building" and "empty folders" and displays the "No Files" image immediately instead of blocking.
  - **Robustness**: Increased wait times in `set_tty_color.sh` to prevent race conditions with the login prompt service.

2026-02-23
- Performance & Stability:
  - viewer_display.py: Optimized transition timings. Load times (IO/CPU) are now fully decoupled from animation time, guaranteeing constant fade times.
  - viewer_display.py: GPU upload (`load_opengl`) for all textures (image, text, overlay) is now forced before the timer starts. This prevents stuttering ("freezes") at the start of the animation.
  - viewer_display.py: Implemented intelligent downsizing. Images are only resized if they exceed the target resolution by more than 125% to avoid unnecessary CPU load.
  - viewer_display.py: Added extended logging for performance analysis (`Transition done: Fade=... Load=...`).
- Features:
  - viewer_display.py: Adjusted text overlay timing. Metadata is now only displayed after the visual cross-fade (`fade_time`) is complete.
- Bugfixes:
  - start.py: Fixed duplicate log entries by correctly initializing logging handlers.

2026-02-09
- Features:
  - Panorama Mode: New logic for images with extreme aspect ratios (wider than the screen).
    - Implementation of horizontal scrolling (Left/Right) instead of just zoom.
    - Adaptation of smart downscaling for panoramas (Fit-Height instead of Fit-Width).
    - Re-activation of zoom in panorama mode for more dynamic effects.
- Configuration:
  - configuration.yaml: Added new parameters:
    - kenburns_panorama_scroll_direction
    - kenburns_panorama_zoom_direction
    - kenburns_panorama_zoom_pct
    - panorama_crop_to_aspect_ratio
- Bugfixes:
  - start.py: Fixed import error. Modules (`model`, `controller`, `viewer_display`) are now explicitly imported to avoid circular dependencies and initialization errors.
- Documentation & Project Management:
  - README.md: Extended documentation with new features (Panorama) and performance optimizations (Smart Downscaling table).
  - workflow.md: Added panorama logic and video flow to Mermaid diagram and fixed syntax errors.
  - .gitignore: Added file to exclude logs, cache, and temporary files from git tracking.

2026-02-08
- Performance & Stability:
  - controller.py: Corrected timer logic. The display timer (`time_delay`) is now reset only after the image has been fully loaded and displayed. This prevents skipping images during long load times (IO-Wait).
  - viewer_display.py: Transitions (`fade_time`) are now time-based rather than frame-based. This guarantees constant transition times even at low FPS.
  - viewer_display.py: Implemented "Late Timestamping". The start time for transitions is set only after texture upload to avoid visual jumps.
  - viewer_display.py: Inserted explicit garbage collection (`gc.collect()`) before transitions to minimize stuttering during animation.
  - Logging: Added extended logging for downsizing and transition timing for better error analysis.

2025-11-30
- **Goal: Stable Video Integration as Frame Sequence (Alternative to mpv)**
  - Attempt 1: Direct Integration in `ImageCache`. Failed due to race condition with `pi3d` initialization.
  - Attempt 2: "Just-in-Time" Frame Extraction. Failed due to import-time conflict with `subprocess`.
  - Attempt 3: Complete Cleanup and Restructuring. Failed due to subtle import order issues.
  - Strategy Change: External Preprocessing Process. Decided to use an external script (`video_preprocessor.py`) to avoid `subprocess` calls within the main process.
  - Attempt 5: Radical Cleanup and Isolation. Failed due to `import subprocess` in `viewer_display.py`.
  - Attempt 6: Late Import of `subprocess`. Failed.

2025-11-29
- **Goal: Bypass `pi3d` startup conflict**
  - Attempt 3: "Just-in-Time" Frame Extraction. Failed.
  - Attempt 4: Optimization of Start Order. Failed.

2025-11-28
- **Goal: Stable Video Integration as Frame Sequence (Alternative to mpv)**
  - Attempt 1: Direct Integration in `ImageCache`. Failed.
  - Attempt 2: Manual Configuration Adjustments. Failed.

2025-11-18
- feat(viewer_display): Implemented robust method to black out screen during video transitions using `dd`.
- feat(install): Created comprehensive `install.sh` script.
- refactor(interface_peripherals): Mouse pointer is now disabled directly in `pi3d`.

2025-11-17
- fix(watcher): Restart signal for videos is now passed via environment variable (`PICFRAME_RESTART_CODE`).
- refactor(viewer_display): Radical simplification of `play_video` method. Removed unstable manual screen coloring attempts.
- chore(troubleshooting): Systematic investigation of screen control methods.

2025-11-15
- Finalized robust video playback and album resume logic.
- Implemented stable restart-after-video mechanism using `watcher.sh`.
- Overhauled album and file selection logic in `model.py` for seamless resuming.
- Improved `image_cache.py` stability.

2025-11-14
- Refined safeguard logic in `viewer_display.py`.
- Refactored video playback logic.
- Reverted video playback mechanism to application restart method.

2025-11-13
- Fixed indentation error in `controller.py`.
- Added `new_image_loaded` flag to `viewer_display.py` safeguard.

2025-11-12
- Refactored `controller.py` loop logic.
- Modified `viewer_display.py` texture setting and alpha handling.

2025-11-09
- Investigated video playback bugs (AssertionError, white screen).
- Proposed solution: Decouple video playback from pi3d loop.

2025-10-31
- Modified `test/test_integrated_video.py` for texture handling.
- Updated README with video support status.

2025-10-30
- Experimented with `ffmpeg` options in `video_streamer.py`.

2025-10-29
- Started implementation of video playback via ffmpeg frame streaming.

2025-10-28
- Modified `install.sh`, `viewer_display.py`, `controller.py` for video handling.
- Refactored `video_player.py`.

2025-10-18
- Added `scripts/create_test_images.sh`.

2025-10-14
- Modified `scripts/pir_manager.py`.

2025-10-10
- Enhanced `scripts/check_pic_dates.sh`.
- Refactored `scripts/sync_photos.sh`.

2025-10-05
- Created `scripts/check_pic_dates.sh`.
- Added `libimage-exiftool-perl` to `install.sh`.

2025-10-04
- Corrected `AttributeError` in `viewer_display.py`.
- Fixed inconsistent Ken Burns effect.

2025-10-03
- Modified `viewer_display.py` pan/wobble calculation.

2025-10-02
- Refactored `__calculate_kenburns_transform`.

2025-10-01
- Corrected vertical panning calculation.

2025-09-30
- Corrected aspect ratio calculation.

2025-05-24
- Creation of `test/test_bulk_video_player.py`.
- Bug fixing and refinement of `test_bulk_video_player.py`.
- Documentation updates.

2025-05-21
- `src/picframe/viewer_display.py`: Ken Burns Optimization (Tiling fix, Offset correction, Aspect Fill).
- `src/picframe/viewer_display.py`: Video Slideshow Integration (`play_video_slideshow`).
- `configuration.yaml`: New parameters for video slideshow.
- `scripts/`: New `set_tty_color.sh`.
- `test/`: New `test_bulk_video_player.py` and `test_video_slide_show.py`.

2025-01-05
- Feature: Added `video_slideshow_quality`.
- Improvement: Enabled hardware acceleration.
- Improvement: Correct handling of anamorphic videos.
- Improvement: Implemented smart process throttling.
- Fix: Resolved `XDG_RUNTIME_DIR` issues.
- Fix: Fixed black screen freezes.
- Fix: Ensured `ffmpeg` process pause/resume.
